<?xml version="1.0" encoding="UTF-8"?>
<robot generator="Robot 4.0.1 (Python 3.9.4 on win32)" generated="20210602 13:49:06.266" rpa="false" schemaversion="2">
<suite id="s1" name="Git" source="C:\Users\tdiallo\Formulaires\NA\Git.robot">
<test id="s1-t1" name="TC">
<kw name="Open Browser" library="SeleniumLibrary">
<arg>https://test.nounouadom.com/</arg>
<arg>Chrome</arg>
<doc>Opens a new browser instance to the optional ``url``.</doc>
<msg timestamp="20210602 13:49:06.447" level="INFO">Opening browser 'Chrome' to base url 'https://test.nounouadom.com/'.</msg>
<status status="PASS" starttime="20210602 13:49:06.446" endtime="20210602 13:49:08.485"/>
</kw>
<kw name="Click Element" library="SeleniumLibrary">
<arg>xpath://*[@id="popup-buttons"]/button[1]</arg>
<doc>Click the element identified by ``locator``.</doc>
<msg timestamp="20210602 13:49:08.485" level="INFO">Clicking element 'xpath://*[@id="popup-buttons"]/button[1]'.</msg>
<status status="PASS" starttime="20210602 13:49:08.485" endtime="20210602 13:49:08.554"/>
</kw>
<status status="PASS" starttime="20210602 13:49:06.445" endtime="20210602 13:49:08.555"/>
</test>
<test id="s1-t2" name="TC1">
<kw name="Click Element" library="SeleniumLibrary">
<arg>xpath://*[@id="navbar"]/div[2]/div[1]/ul/li[3]</arg>
<doc>Click the element identified by ``locator``.</doc>
<msg timestamp="20210602 13:49:08.557" level="INFO">Clicking element 'xpath://*[@id="navbar"]/div[2]/div[1]/ul/li[3]'.</msg>
<status status="PASS" starttime="20210602 13:49:08.557" endtime="20210602 13:49:09.369"/>
</kw>
<status status="PASS" starttime="20210602 13:49:08.556" endtime="20210602 13:49:09.369"/>
</test>
<test id="s1-t3" name="TC2">
<kw name="Click Element" library="SeleniumLibrary">
<arg>xpath://*[@id="node-13"]</arg>
<doc>Click the element identified by ``locator``.</doc>
<msg timestamp="20210602 13:49:09.371" level="INFO">Clicking element 'xpath://*[@id="node-13"]'.</msg>
<status status="PASS" starttime="20210602 13:49:09.371" endtime="20210602 13:49:09.437"/>
</kw>
<status status="PASS" starttime="20210602 13:49:09.370" endtime="20210602 13:49:09.437"/>
</test>
<test id="s1-t4" name="TC3">
<kw name="Click Element" library="SeleniumLibrary">
<arg>xpath://*[@id="navbar"]/div[2]/div[1]/ul/li[2]/a</arg>
<doc>Click the element identified by ``locator``.</doc>
<msg timestamp="20210602 13:49:09.439" level="INFO">Clicking element 'xpath://*[@id="navbar"]/div[2]/div[1]/ul/li[2]/a'.</msg>
<status status="PASS" starttime="20210602 13:49:09.438" endtime="20210602 13:49:09.889"/>
</kw>
<kw name="Click Element" library="SeleniumLibrary">
<arg>xpath://*[@id="edit-submitted-agence"]/option[12]</arg>
<doc>Click the element identified by ``locator``.</doc>
<msg timestamp="20210602 13:49:09.890" level="INFO">Clicking element 'xpath://*[@id="edit-submitted-agence"]/option[12]'.</msg>
<status status="PASS" starttime="20210602 13:49:09.890" endtime="20210602 13:49:09.934"/>
</kw>
<status status="PASS" starttime="20210602 13:49:09.438" endtime="20210602 13:49:09.935"/>
</test>
<test id="s1-t5" name="TC4">
<kw name="Click Element" library="SeleniumLibrary">
<arg>xpath://*[@id="edit-submitted-prenom"]</arg>
<doc>Click the element identified by ``locator``.</doc>
<msg timestamp="20210602 13:49:09.937" level="INFO">Clicking element 'xpath://*[@id="edit-submitted-prenom"]'.</msg>
<status status="PASS" starttime="20210602 13:49:09.937" endtime="20210602 13:49:10.003"/>
</kw>
<kw name="Input Text" library="SeleniumLibrary">
<arg>name=submitted[prenom]</arg>
<arg>CHCOM</arg>
<doc>Types the given ``text`` into the text field identified by ``locator``.</doc>
<msg timestamp="20210602 13:49:10.004" level="INFO">Typing text 'CHCOM' into text field 'name=submitted[prenom]'.</msg>
<status status="PASS" starttime="20210602 13:49:10.004" endtime="20210602 13:49:10.082"/>
</kw>
<status status="PASS" starttime="20210602 13:49:09.936" endtime="20210602 13:49:10.083"/>
</test>
<test id="s1-t6" name="TC5">
<kw name="Click Element" library="SeleniumLibrary">
<arg>xpath://*[@id="edit-submitted-nom"]</arg>
<doc>Click the element identified by ``locator``.</doc>
<msg timestamp="20210602 13:49:10.085" level="INFO">Clicking element 'xpath://*[@id="edit-submitted-nom"]'.</msg>
<status status="PASS" starttime="20210602 13:49:10.084" endtime="20210602 13:49:10.145"/>
</kw>
<kw name="Input Text" library="SeleniumLibrary">
<arg>name=submitted[nom]</arg>
<arg>C-spontanée</arg>
<doc>Types the given ``text`` into the text field identified by ``locator``.</doc>
<msg timestamp="20210602 13:49:10.146" level="INFO">Typing text 'C-spontanée' into text field 'name=submitted[nom]'.</msg>
<status status="PASS" starttime="20210602 13:49:10.146" endtime="20210602 13:49:10.231"/>
</kw>
<kw name="Click Element" library="SeleniumLibrary">
<arg>xpath://*[@id="popup-buttons"]/button[1]</arg>
<doc>Click the element identified by ``locator``.</doc>
<msg timestamp="20210602 13:49:10.232" level="INFO">Clicking element 'xpath://*[@id="popup-buttons"]/button[1]'.</msg>
<status status="PASS" starttime="20210602 13:49:10.232" endtime="20210602 13:49:10.315"/>
</kw>
<status status="PASS" starttime="20210602 13:49:10.084" endtime="20210602 13:49:10.315"/>
</test>
<test id="s1-t7" name="TC6">
<kw name="Click Element" library="SeleniumLibrary">
<arg>xpath://*[@id="edit-submitted-telephone"]</arg>
<doc>Click the element identified by ``locator``.</doc>
<msg timestamp="20210602 13:49:10.317" level="INFO">Clicking element 'xpath://*[@id="edit-submitted-telephone"]'.</msg>
<status status="PASS" starttime="20210602 13:49:10.317" endtime="20210602 13:49:11.384"/>
</kw>
<kw name="Input Text" library="SeleniumLibrary">
<arg>name=submitted[telephone]</arg>
<arg>0200120001</arg>
<doc>Types the given ``text`` into the text field identified by ``locator``.</doc>
<msg timestamp="20210602 13:49:11.385" level="INFO">Typing text '0200120001' into text field 'name=submitted[telephone]'.</msg>
<status status="PASS" starttime="20210602 13:49:11.384" endtime="20210602 13:49:11.451"/>
</kw>
<status status="PASS" starttime="20210602 13:49:10.317" endtime="20210602 13:49:11.452"/>
</test>
<test id="s1-t8" name="TC7">
<kw name="Click Element" library="SeleniumLibrary">
<arg>xpath://*[@id="edit-submitted-email"]</arg>
<doc>Click the element identified by ``locator``.</doc>
<msg timestamp="20210602 13:49:11.453" level="INFO">Clicking element 'xpath://*[@id="edit-submitted-email"]'.</msg>
<status status="PASS" starttime="20210602 13:49:11.453" endtime="20210602 13:49:11.570"/>
</kw>
<kw name="Input Text" library="SeleniumLibrary">
<arg>name=submitted[email]</arg>
<arg>tafs@yahoo.fr</arg>
<doc>Types the given ``text`` into the text field identified by ``locator``.</doc>
<msg timestamp="20210602 13:49:11.571" level="INFO">Typing text 'tafs@yahoo.fr' into text field 'name=submitted[email]'.</msg>
<status status="PASS" starttime="20210602 13:49:11.571" endtime="20210602 13:49:11.649"/>
</kw>
<status status="PASS" starttime="20210602 13:49:11.453" endtime="20210602 13:49:11.649"/>
</test>
<test id="s1-t9" name="TC8">
<kw name="Click Element" library="SeleniumLibrary">
<arg>xpath://*[@id="edit-submitted-code-postal"]</arg>
<doc>Click the element identified by ``locator``.</doc>
<msg timestamp="20210602 13:49:11.651" level="INFO">Clicking element 'xpath://*[@id="edit-submitted-code-postal"]'.</msg>
<status status="PASS" starttime="20210602 13:49:11.651" endtime="20210602 13:49:11.708"/>
</kw>
<kw name="Input Text" library="SeleniumLibrary">
<arg>name=submitted[code_postal]</arg>
<arg>53000</arg>
<doc>Types the given ``text`` into the text field identified by ``locator``.</doc>
<msg timestamp="20210602 13:49:11.709" level="INFO">Typing text '53000' into text field 'name=submitted[code_postal]'.</msg>
<status status="PASS" starttime="20210602 13:49:11.708" endtime="20210602 13:49:11.781"/>
</kw>
<status status="PASS" starttime="20210602 13:49:11.650" endtime="20210602 13:49:11.781"/>
</test>
<test id="s1-t10" name="TC9">
<status status="FAIL" starttime="20210602 13:49:11.782" endtime="20210602 13:49:11.783">Test case contains no keywords.</status>
</test>
<test id="s1-t11" name="TC10">
<kw name="Click Element" library="SeleniumLibrary">
<arg>xpath://*[@id="webform-client-form-17"]/div/div[11]/button</arg>
<doc>Click the element identified by ``locator``.</doc>
<msg timestamp="20210602 13:49:11.784" level="INFO">Clicking element 'xpath://*[@id="webform-client-form-17"]/div/div[11]/button'.</msg>
<status status="PASS" starttime="20210602 13:49:11.784" endtime="20210602 13:49:12.183"/>
</kw>
<status status="PASS" starttime="20210602 13:49:11.784" endtime="20210602 13:49:12.184"/>
</test>
<test id="s1-t12" name="TC11">
<kw name="Click Element" library="SeleniumLibrary">
<arg>xpath://*[@id="edit-submitted-type-de-poste"]/div[1]/label</arg>
<doc>Click the element identified by ``locator``.</doc>
<msg timestamp="20210602 13:49:12.186" level="INFO">Clicking element 'xpath://*[@id="edit-submitted-type-de-poste"]/div[1]/label'.</msg>
<status status="PASS" starttime="20210602 13:49:12.185" endtime="20210602 13:49:12.263"/>
</kw>
<kw name="Click Element" library="SeleniumLibrary">
<arg>xpath://*[@id="edit-submitted-type-de-contrat-souhaite-841"]</arg>
<doc>Click the element identified by ``locator``.</doc>
<msg timestamp="20210602 13:49:12.264" level="INFO">Clicking element 'xpath://*[@id="edit-submitted-type-de-contrat-souhaite-841"]'.</msg>
<status status="PASS" starttime="20210602 13:49:12.263" endtime="20210602 13:49:12.331"/>
</kw>
<kw name="Click Element" library="SeleniumLibrary">
<arg>xpath://*[@id="edit-submitted-type-de-poste"]/div[4]/label</arg>
<doc>Click the element identified by ``locator``.</doc>
<msg timestamp="20210602 13:49:12.332" level="INFO">Clicking element 'xpath://*[@id="edit-submitted-type-de-poste"]/div[4]/label'.</msg>
<status status="PASS" starttime="20210602 13:49:12.331" endtime="20210602 13:49:12.391"/>
</kw>
<kw name="Click Element" library="SeleniumLibrary">
<arg>xpath//*[@id="edit-submitted-type-de-contrat-souhaite"]/div[3]/label</arg>
<doc>Click the element identified by ``locator``.</doc>
<msg timestamp="20210602 13:49:12.391" level="INFO">Clicking element 'xpath//*[@id="edit-submitted-type-de-contrat-souhaite"]/div[3]/label'.</msg>
<kw name="Capture Page Screenshot" library="SeleniumLibrary">
<doc>Takes a screenshot of the current page and embeds it into a log file.</doc>
<msg timestamp="20210602 13:49:12.593" level="INFO" html="true">&lt;/td&gt;&lt;/tr&gt;&lt;tr&gt;&lt;td colspan="3"&gt;&lt;a href="selenium-screenshot-7.png"&gt;&lt;img src="selenium-screenshot-7.png" width="800px"&gt;&lt;/a&gt;</msg>
<status status="PASS" starttime="20210602 13:49:12.404" endtime="20210602 13:49:12.594"/>
</kw>
<msg timestamp="20210602 13:49:12.598" level="FAIL">Element with locator 'xpath//*[@id="edit-submitted-type-de-contrat-souhaite"]/div[3]/label' not found.</msg>
<status status="FAIL" starttime="20210602 13:49:12.391" endtime="20210602 13:49:12.598"/>
</kw>
<status status="FAIL" starttime="20210602 13:49:12.185" endtime="20210602 13:49:12.599">Element with locator 'xpath//*[@id="edit-submitted-type-de-contrat-souhaite"]/div[3]/label' not found.</status>
</test>
<test id="s1-t13" name="TC12">
<kw name="Click Element" library="SeleniumLibrary">
<arg>xpath://*[@id="webform-client-form-17"]/div/div[5]/button[2]</arg>
<doc>Click the element identified by ``locator``.</doc>
<msg timestamp="20210602 13:49:12.601" level="INFO">Clicking element 'xpath://*[@id="webform-client-form-17"]/div/div[5]/button[2]'.</msg>
<status status="PASS" starttime="20210602 13:49:12.601" endtime="20210602 13:49:13.117"/>
</kw>
<status status="PASS" starttime="20210602 13:49:12.600" endtime="20210602 13:49:13.118"/>
</test>
<test id="s1-t14" name="TC13">
<kw name="Click Element" library="SeleniumLibrary">
<arg>xpath://*[@id="edit-submitted-type-de-contrat-souhaite"]/div[2]/label</arg>
<doc>Click the element identified by ``locator``.</doc>
<msg timestamp="20210602 13:49:13.120" level="INFO">Clicking element 'xpath://*[@id="edit-submitted-type-de-contrat-souhaite"]/div[2]/label'.</msg>
<kw name="Capture Page Screenshot" library="SeleniumLibrary">
<doc>Takes a screenshot of the current page and embeds it into a log file.</doc>
<msg timestamp="20210602 13:49:13.313" level="INFO" html="true">&lt;/td&gt;&lt;/tr&gt;&lt;tr&gt;&lt;td colspan="3"&gt;&lt;a href="selenium-screenshot-8.png"&gt;&lt;img src="selenium-screenshot-8.png" width="800px"&gt;&lt;/a&gt;</msg>
<status status="PASS" starttime="20210602 13:49:13.138" endtime="20210602 13:49:13.313"/>
</kw>
<msg timestamp="20210602 13:49:13.314" level="FAIL">Element with locator 'xpath://*[@id="edit-submitted-type-de-contrat-souhaite"]/div[2]/label' not found.</msg>
<status status="FAIL" starttime="20210602 13:49:13.120" endtime="20210602 13:49:13.314"/>
</kw>
<status status="FAIL" starttime="20210602 13:49:13.119" endtime="20210602 13:49:13.314">Element with locator 'xpath://*[@id="edit-submitted-type-de-contrat-souhaite"]/div[2]/label' not found.</status>
</test>
<test id="s1-t15" name="TC14">
<kw name="Click Element" library="SeleniumLibrary">
<arg>xpath://*[@id="edit-submitted-cv-upload--2"]</arg>
<doc>Click the element identified by ``locator``.</doc>
<msg timestamp="20210602 13:49:13.317" level="INFO">Clicking element 'xpath://*[@id="edit-submitted-cv-upload--2"]'.</msg>
<kw name="Capture Page Screenshot" library="SeleniumLibrary">
<doc>Takes a screenshot of the current page and embeds it into a log file.</doc>
<msg timestamp="20210602 13:49:13.522" level="INFO" html="true">&lt;/td&gt;&lt;/tr&gt;&lt;tr&gt;&lt;td colspan="3"&gt;&lt;a href="selenium-screenshot-9.png"&gt;&lt;img src="selenium-screenshot-9.png" width="800px"&gt;&lt;/a&gt;</msg>
<status status="PASS" starttime="20210602 13:49:13.333" endtime="20210602 13:49:13.522"/>
</kw>
<msg timestamp="20210602 13:49:13.523" level="FAIL">Element with locator 'xpath://*[@id="edit-submitted-cv-upload--2"]' not found.</msg>
<status status="FAIL" starttime="20210602 13:49:13.317" endtime="20210602 13:49:13.523"/>
</kw>
<status status="FAIL" starttime="20210602 13:49:13.316" endtime="20210602 13:49:13.524">Element with locator 'xpath://*[@id="edit-submitted-cv-upload--2"]' not found.</status>
</test>
<test id="s1-t16" name="TC15">
<kw name="Click Element" library="SeleniumLibrary">
<arg>xpath://*[@id="webform-client-form-17"]/div/div[5]/button[2]</arg>
<doc>Click the element identified by ``locator``.</doc>
<msg timestamp="20210602 13:49:13.528" level="INFO">Clicking element 'xpath://*[@id="webform-client-form-17"]/div/div[5]/button[2]'.</msg>
<kw name="Capture Page Screenshot" library="SeleniumLibrary">
<doc>Takes a screenshot of the current page and embeds it into a log file.</doc>
<msg timestamp="20210602 13:49:13.743" level="INFO" html="true">&lt;/td&gt;&lt;/tr&gt;&lt;tr&gt;&lt;td colspan="3"&gt;&lt;a href="selenium-screenshot-10.png"&gt;&lt;img src="selenium-screenshot-10.png" width="800px"&gt;&lt;/a&gt;</msg>
<status status="PASS" starttime="20210602 13:49:13.557" endtime="20210602 13:49:13.743"/>
</kw>
<msg timestamp="20210602 13:49:13.744" level="FAIL">Element with locator 'xpath://*[@id="webform-client-form-17"]/div/div[5]/button[2]' not found.</msg>
<status status="FAIL" starttime="20210602 13:49:13.526" endtime="20210602 13:49:13.744"/>
</kw>
<kw name="Click Element" library="SeleniumLibrary">
<arg>xpath://*[@id="edit-submitted-cv-upload"]</arg>
<doc>Click the element identified by ``locator``.</doc>
<status status="NOT RUN" starttime="20210602 13:49:13.745" endtime="20210602 13:49:13.745"/>
</kw>
<status status="FAIL" starttime="20210602 13:49:13.525" endtime="20210602 13:49:13.746">Element with locator 'xpath://*[@id="webform-client-form-17"]/div/div[5]/button[2]' not found.</status>
</test>
<test id="s1-t17" name="TC16">
<kw name="Open Browser" library="SeleniumLibrary">
<arg>https://www.git.chcom.fr/</arg>
<arg>chrome</arg>
<doc>Opens a new browser instance to the optional ``url``.</doc>
<msg timestamp="20210602 13:49:13.748" level="INFO">Opening browser 'chrome' to base url 'https://www.git.chcom.fr/'.</msg>
<status status="PASS" starttime="20210602 13:49:13.748" endtime="20210602 13:49:15.827"/>
</kw>
<status status="PASS" starttime="20210602 13:49:13.747" endtime="20210602 13:49:15.828"/>
</test>
<test id="s1-t18" name="TC17">
<kw name="Click Element" library="SeleniumLibrary">
<arg>xpath://*[@id="user_login"]</arg>
<doc>Click the element identified by ``locator``.</doc>
<msg timestamp="20210602 13:49:15.830" level="INFO">Clicking element 'xpath://*[@id="user_login"]'.</msg>
<status status="PASS" starttime="20210602 13:49:15.830" endtime="20210602 13:49:15.903"/>
</kw>
<kw name="Input Text" library="SeleniumLibrary">
<arg>name=user[login]</arg>
<arg>tdiallo@concepthygiene.com</arg>
<doc>Types the given ``text`` into the text field identified by ``locator``.</doc>
<msg timestamp="20210602 13:49:15.904" level="INFO">Typing text 'tdiallo@concepthygiene.com' into text field 'name=user[login]'.</msg>
<status status="PASS" starttime="20210602 13:49:15.903" endtime="20210602 13:49:15.995"/>
</kw>
<status status="PASS" starttime="20210602 13:49:15.829" endtime="20210602 13:49:15.995"/>
</test>
<test id="s1-t19" name="TC18">
<kw name="Click Element" library="SeleniumLibrary">
<arg>xpath://*[@id="user_password"]</arg>
<doc>Click the element identified by ``locator``.</doc>
<msg timestamp="20210602 13:49:15.998" level="INFO">Clicking element 'xpath://*[@id="user_password"]'.</msg>
<status status="PASS" starttime="20210602 13:49:15.997" endtime="20210602 13:49:16.048"/>
</kw>
<kw name="Input Text" library="SeleniumLibrary">
<arg>name=user[password]</arg>
<arg>eds@3i_j5</arg>
<doc>Types the given ``text`` into the text field identified by ``locator``.</doc>
<msg timestamp="20210602 13:49:16.049" level="INFO">Typing text 'eds@3i_j5' into text field 'name=user[password]'.</msg>
<status status="PASS" starttime="20210602 13:49:16.049" endtime="20210602 13:49:16.112"/>
</kw>
<status status="PASS" starttime="20210602 13:49:15.997" endtime="20210602 13:49:16.112"/>
</test>
<test id="s1-t20" name="TC19">
<kw name="Click Element" library="SeleniumLibrary">
<arg>xpath://*[@id="new_user"]/div[5]/input</arg>
<doc>Click the element identified by ``locator``.</doc>
<msg timestamp="20210602 13:49:16.114" level="INFO">Clicking element 'xpath://*[@id="new_user"]/div[5]/input'.</msg>
<status status="PASS" starttime="20210602 13:49:16.114" endtime="20210602 13:49:18.303"/>
</kw>
<status status="PASS" starttime="20210602 13:49:16.113" endtime="20210602 13:49:18.304"/>
</test>
<test id="s1-t21" name="TC20">
<kw name="Click Element" library="SeleniumLibrary">
<arg>xpath://*[@id="content-body"]/div[5]/ul/li[1]/div[2]/div[1]/div/h2/a/span/span[1]</arg>
<doc>Click the element identified by ``locator``.</doc>
<msg timestamp="20210602 13:49:18.306" level="INFO">Clicking element 'xpath://*[@id="content-body"]/div[5]/ul/li[1]/div[2]/div[1]/div/h2/a/span/span[1]'.</msg>
<status status="PASS" starttime="20210602 13:49:18.306" endtime="20210602 13:49:23.405"/>
</kw>
<status status="PASS" starttime="20210602 13:49:18.305" endtime="20210602 13:49:23.405"/>
</test>
<status status="FAIL" starttime="20210602 13:49:06.267" endtime="20210602 13:49:23.407"/>
</suite>
<statistics>
<total>
<stat pass="16" fail="5" skip="0">All Tests</stat>
</total>
<tag>
</tag>
<suite>
<stat pass="16" fail="5" skip="0" id="s1" name="Git">Git</stat>
</suite>
</statistics>
<errors>
<msg timestamp="20210602 13:49:06.443" level="ERROR">Error in file 'C:\Users\tdiallo\Formulaires\NA\Git.robot' on line 3: Importing library 'SikuliLibrary' failed: ModuleNotFoundError: No module named 'SikuliLibrary'
Traceback (most recent call last):
  None
PYTHONPATH:
  C:\Users\tdiallo\AppData\Local\Programs\Python\Python39\Scripts\robot.exe
  c:\users\tdiallo\appdata\local\programs\python\python39\python39.zip
  c:\users\tdiallo\appdata\local\programs\python\python39\DLLs
  c:\users\tdiallo\appdata\local\programs\python\python39\lib
  c:\users\tdiallo\appdata\local\programs\python\python39
  c:\users\tdiallo\appdata\local\programs\python\python39\lib\site-packages</msg>
</errors>
</robot>
